<?xml version="1.0" encoding="UTF-8"?>
<testsuite name="com.co.ceiba.service.NotifyPersonServiceTest" tests="1" skipped="0" failures="0" errors="0" timestamp="2018-05-04T22:14:54" hostname="SEBASTIAN-VASQUEZ" time="0.363">
  <properties/>
  <testcase name="notifyTest" classname="com.co.ceiba.service.NotifyPersonServiceTest" time="0.363"/>
  <system-out><![CDATA[]]></system-out>
  <system-err><![CDATA[]]></system-err>
</testsuite>
